<?xml version="1.0" encoding="UTF-8"?>
<!DOCTYPE coverage SYSTEM "http://cobertura.sourceforge.net/xml/coverage-04.dtd">
<coverage branch-rate="0.7857142857142857" branches-covered="11" branches-valid="14" complexity="0" line-rate="0.8" lines-covered="8" lines-valid="10" timestamp="1387503580398" version="1.0.6">
  <sources>
    <source>D:/Git/JenkinsQunit/result/sonar/phantom</source>
  </sources>
  <packages>
    <package branch-rate="0.7857142857142857" complexity="0" line-rate="0.8" name="/code">
      <classes>
        <class branch-rate="0.7857142857142857" complexity="0" filename="code/calc.js" line-rate="0.8" name="/code/calc.js">
          <methods/>
          <lines>
            <line branch="false" hits="1" number="6"/>
            <line branch="true" condition-coverage="83% (5/6)" hits="1" number="8">
              <conditions>
                <condition coverage="100%" number="1" type="jump"/>
                <condition coverage="50%" number="2" type="jump"/>
                <condition coverage="100%" number="3" type="jump"/>
              </conditions>
            </line>
            <line branch="false" hits="1" number="9"/>
            <line branch="true" condition-coverage="50% (1/2)" hits="1" number="12">
              <conditions>
                <condition coverage="50%" number="1" type="jump"/>
              </conditions>
            </line>
            <line branch="false" hits="0" number="13"/>
            <line branch="false" hits="0" number="14"/>
            <line branch="false" hits="5" number="16"/>
            <line branch="true" condition-coverage="83% (5/6)" hits="1" number="19">
              <conditions>
                <condition coverage="100%" number="1" type="jump"/>
                <condition coverage="50%" number="2" type="jump"/>
                <condition coverage="100%" number="3" type="jump"/>
              </conditions>
            </line>
            <line branch="false" hits="1" number="20"/>
            <line branch="false" hits="5" number="21"/>
          </lines>
        </class>
      </classes>
    </package>
  </packages>
</coverage>
